# JRE version: Java(TM) SE Runtime Environment (8.0_65-b17) (build 1.8.0_65-b17)
# Java VM: Java HotSpot(TM) 64-Bit Server VM (25.65-b01 mixed mode windows-amd64 compressed oops)
Heap:
 PSYoungGen      total 313344K, used 111675K [0x00000000eab00000, 0x0000000100000000, 0x0000000100000000)
  eden space 277504K, 40% used [0x00000000eab00000,0x00000000f180ec88,0x00000000fba00000)
  from space 35840K, 0% used [0x00000000fba00000,0x00000000fba00000,0x00000000fdd00000)
  to   space 34816K, 0% used [0x00000000fde00000,0x00000000fde00000,0x0000000100000000)
 ParOldGen       total 175104K, used 45490K [0x00000000c0000000, 0x00000000cab00000, 0x00000000eab00000)
  object space 175104K, 25% used [0x00000000c0000000,0x00000000c2c6ca38,0x00000000cab00000)
 Metaspace       used 28634K, capacity 31096K, committed 31360K, reserved 1077248K
  class space    used 3551K, capacity 4453K, committed 4480K, reserved 1048576K
GC Heap History (10 events):
Event: 4.317 GC heap before
{Heap before GC invocations=10 (full 0):
 PSYoungGen      total 304640K, used 304352K [0x00000000eab00000, 0x0000000100000000, 0x0000000100000000)
  eden space 299008K, 100% used [0x00000000eab00000,0x00000000fcf00000,0x00000000fcf00000)
  from space 5632K, 94% used [0x00000000fcf00000,0x00000000fd438000,0x00000000fd480000)
  to   space 26112K, 0% used [0x00000000fe680000,0x00000000fe680000,0x0000000100000000)
 ParOldGen       total 175104K, used 49065K [0x00000000c0000000, 0x00000000cab00000, 0x00000000eab00000)
  object space 175104K, 28% used [0x00000000c0000000,0x00000000c2fea688,0x00000000cab00000)
 Metaspace       used 9387K, capacity 9554K, committed 9728K, reserved 1058816K
  class space    used 945K, capacity 992K, committed 1024K, reserved 1048576K
Event: 4.329 GC heap after
Heap after GC invocations=10 (full 0):
 PSYoungGen      total 321024K, used 3072K [0x00000000eab00000, 0x0000000100000000, 0x0000000100000000)
  eden space 294912K, 0% used [0x00000000eab00000,0x00000000eab00000,0x00000000fcb00000)
  from space 26112K, 11% used [0x00000000fe680000,0x00000000fe980000,0x0000000100000000)
  to   space 27136K, 0% used [0x00000000fcb00000,0x00000000fcb00000,0x00000000fe580000)
 ParOldGen       total 175104K, used 49649K [0x00000000c0000000, 0x00000000cab00000, 0x00000000eab00000)
  object space 175104K, 28% used [0x00000000c0000000,0x00000000c307c688,0x00000000cab00000)
 Metaspace       used 9387K, capacity 9554K, committed 9728K, reserved 1058816K
  class space    used 945K, capacity 992K, committed 1024K, reserved 1048576K
}
Event: 4.842 GC heap before
{Heap before GC invocations=11 (full 0):
 PSYoungGen      total 321024K, used 297984K [0x00000000eab00000, 0x0000000100000000, 0x0000000100000000)
  eden space 294912K, 100% used [0x00000000eab00000,0x00000000fcb00000,0x00000000fcb00000)
  from space 26112K, 11% used [0x00000000fe680000,0x00000000fe980000,0x0000000100000000)
  to   space 27136K, 0% used [0x00000000fcb00000,0x00000000fcb00000,0x00000000fe580000)
 ParOldGen       total 175104K, used 49649K [0x00000000c0000000, 0x00000000cab00000, 0x00000000eab00000)
  object space 175104K, 28% used [0x00000000c0000000,0x00000000c307c688,0x00000000cab00000)
 Metaspace       used 10581K, capacity 11002K, committed 11264K, reserved 1058816K
  class space    used 1037K, capacity 1182K, committed 1280K, reserved 1048576K
Event: 4.845 GC heap after
Heap after GC invocations=11 (full 0):
 PSYoungGen      total 297984K, used 2835K [0x00000000eab00000, 0x0000000100000000, 0x0000000100000000)
  eden space 294912K, 0% used [0x00000000eab00000,0x00000000eab00000,0x00000000fcb00000)
  from space 3072K, 92% used [0x00000000fcb00000,0x00000000fcdc4d78,0x00000000fce00000)
  to   space 27648K, 0% used [0x00000000fe500000,0x00000000fe500000,0x0000000100000000)
 ParOldGen       total 175104K, used 50113K [0x00000000c0000000, 0x00000000cab00000, 0x00000000eab00000)
  object space 175104K, 28% used [0x00000000c0000000,0x00000000c30f06b8,0x00000000cab00000)
 Metaspace       used 10581K, capacity 11002K, committed 11264K, reserved 1058816K
  class space    used 1037K, capacity 1182K, committed 1280K, reserved 1048576K
}
Event: 6.763 GC heap before
{Heap before GC invocations=12 (full 0):
 PSYoungGen      total 297984K, used 297747K [0x00000000eab00000, 0x0000000100000000, 0x0000000100000000)
  eden space 294912K, 100% used [0x00000000eab00000,0x00000000fcb00000,0x00000000fcb00000)
  from space 3072K, 92% used [0x00000000fcb00000,0x00000000fcdc4d78,0x00000000fce00000)
  to   space 27648K, 0% used [0x00000000fe500000,0x00000000fe500000,0x0000000100000000)
 ParOldGen       total 175104K, used 50113K [0x00000000c0000000, 0x00000000cab00000, 0x00000000eab00000)
  object space 175104K, 28% used [0x00000000c0000000,0x00000000c30f06b8,0x00000000cab00000)
 Metaspace       used 13739K, capacity 14444K, committed 14720K, reserved 1062912K
  class space    used 1331K, capacity 1602K, committed 1664K, reserved 1048576K
Event: 6.787 GC heap after
Heap after GC invocations=12 (full 0):
 PSYoungGen      total 305152K, used 27627K [0x00000000eab00000, 0x0000000100000000, 0x0000000100000000)
  eden space 277504K, 0% used [0x00000000eab00000,0x00000000eab00000,0x00000000fba00000)
  from space 27648K, 99% used [0x00000000fe500000,0x00000000ffffad68,0x0000000100000000)
  to   space 35840K, 0% used [0x00000000fba00000,0x00000000fba00000,0x00000000fdd00000)
 ParOldGen       total 175104K, used 61687K [0x00000000c0000000, 0x00000000cab00000, 0x00000000eab00000)
  object space 175104K, 35% used [0x00000000c0000000,0x00000000c3c3ddd0,0x00000000cab00000)
 Metaspace       used 13739K, capacity 14444K, committed 14720K, reserved 1062912K
  class space    used 1331K, capacity 1602K, committed 1664K, reserved 1048576K
}
Event: 7.688 GC heap before
{Heap before GC invocations=13 (full 0):
 PSYoungGen      total 305152K, used 105764K [0x00000000eab00000, 0x0000000100000000, 0x0000000100000000)
  eden space 277504K, 28% used [0x00000000eab00000,0x00000000ef74e688,0x00000000fba00000)
  from space 27648K, 99% used [0x00000000fe500000,0x00000000ffffad68,0x0000000100000000)
  to   space 35840K, 0% used [0x00000000fba00000,0x00000000fba00000,0x00000000fdd00000)
 ParOldGen       total 175104K, used 61687K [0x00000000c0000000, 0x00000000cab00000, 0x00000000eab00000)
  object space 175104K, 35% used [0x00000000c0000000,0x00000000c3c3ddd0,0x00000000cab00000)
 Metaspace       used 19573K, capacity 21170K, committed 21248K, reserved 1069056K
  class space    used 2071K, capacity 2539K, committed 2560K, reserved 1048576K
Event: 7.738 GC heap after
Heap after GC invocations=13 (full 0):
 PSYoungGen      total 313344K, used 9509K [0x00000000eab00000, 0x0000000100000000, 0x0000000100000000)
  eden space 277504K, 0% used [0x00000000eab00000,0x00000000eab00000,0x00000000fba00000)
  from space 35840K, 26% used [0x00000000fba00000,0x00000000fc349740,0x00000000fdd00000)
  to   space 34816K, 0% used [0x00000000fde00000,0x00000000fde00000,0x0000000100000000)
 ParOldGen       total 175104K, used 77751K [0x00000000c0000000, 0x00000000cab00000, 0x00000000eab00000)
  object space 175104K, 44% used [0x00000000c0000000,0x00000000c4bede70,0x00000000cab00000)
 Metaspace       used 19573K, capacity 21170K, committed 21248K, reserved 1069056K
  class space    used 2071K, capacity 2539K, committed 2560K, reserved 1048576K
}
Event: 7.738 GC heap before
{Heap before GC invocations=14 (full 1):
 PSYoungGen      total 313344K, used 9509K [0x00000000eab00000, 0x0000000100000000, 0x0000000100000000)
  eden space 277504K, 0% used [0x00000000eab00000,0x00000000eab00000,0x00000000fba00000)
  from space 35840K, 26% used [0x00000000fba00000,0x00000000fc349740,0x00000000fdd00000)
  to   space 34816K, 0% used [0x00000000fde00000,0x00000000fde00000,0x0000000100000000)
 ParOldGen       total 175104K, used 77751K [0x00000000c0000000, 0x00000000cab00000, 0x00000000eab00000)
  object space 175104K, 44% used [0x00000000c0000000,0x00000000c4bede70,0x00000000cab00000)
 Metaspace       used 19573K, capacity 21170K, committed 21248K, reserved 1069056K
  class space    used 2071K, capacity 2539K, committed 2560K, reserved 1048576K
Event: 7.863 GC heap after
Heap after GC invocations=14 (full 1):
 PSYoungGen      total 313344K, used 0K [0x00000000eab00000, 0x0000000100000000, 0x0000000100000000)
  eden space 277504K, 0% used [0x00000000eab00000,0x00000000eab00000,0x00000000fba00000)
  from space 35840K, 0% used [0x00000000fba00000,0x00000000fba00000,0x00000000fdd00000)
  to   space 34816K, 0% used [0x00000000fde00000,0x00000000fde00000,0x0000000100000000)
 ParOldGen       total 175104K, used 45490K [0x00000000c0000000, 0x00000000cab00000, 0x00000000eab00000)
  object space 175104K, 25% used [0x00000000c0000000,0x00000000c2c6ca38,0x00000000cab00000)
 Metaspace       used 19573K, capacity 21170K, committed 21248K, reserved 1069056K
  class space    used 2071K, capacity 2539K, committed 2560K, reserved 1048576K
}

